Change Component DesignItemId : Designator=C7 Old DesignItemId=0805 New DesignItemId=CAP0805
Change Component DesignItemId : Designator=C8 Old DesignItemId=0805 New DesignItemId=CAP0805
Change Component DesignItemId : Designator=C9 Old DesignItemId=0805 New DesignItemId=CAP0805
Change Component DesignItemId : Designator=C10 Old DesignItemId=0805 New DesignItemId=CAP0805
Change Component DesignItemId : Designator=C11 Old DesignItemId=0805 New DesignItemId=CAP0805
Change Component DesignItemId : Designator=C12 Old DesignItemId=0805 New DesignItemId=CAP0805
Change Component DesignItemId : Designator=C13 Old DesignItemId=0805 New DesignItemId=CAP0805
Change Component DesignItemId : Designator=L1 Old DesignItemId=0805 New DesignItemId=WE-CBF_0805
Change Component DesignItemId : Designator=L2 Old DesignItemId=0805 New DesignItemId=WE-CBF_0805
Change Component DesignItemId : Designator=J6 Old DesignItemId=AVR_ICSP New DesignItemId=AVR_SPI_PROG
Change Component DesignItemId : Designator=C2 Old DesignItemId=CAP-PTH-SMALL New DesignItemId=CAPPTH
Change Component DesignItemId : Designator=C4 Old DesignItemId=CAP-PTH-SMALL New DesignItemId=CAPPTH
Change Component DesignItemId : Designator=C6 Old DesignItemId=CAP-PTH-SMALL New DesignItemId=CAPPTH
Change Component DesignItemId : Designator=LED1 Old DesignItemId=CHIPLED_0805 New DesignItemId=LEDCHIPLED_0805
Change Component DesignItemId : Designator=LED2 Old DesignItemId=CHIPLED_0805 New DesignItemId=LEDCHIPLED_0805
Change Component DesignItemId : Designator=C3 Old DesignItemId=E2,5-6 New DesignItemId=CPOL-EUE2.5-6
Change Component DesignItemId : Designator=C5 Old DesignItemId=E2,5-6 New DesignItemId=CPOL-EUE2.5-6
Change Component DesignItemId : Designator=C1 Old DesignItemId=E5-6 New DesignItemId=CPOL-EUE5-6
Change Component DesignItemId : Designator=R1 Old DesignItemId=M0805 New DesignItemId=R-EU_M0805
Change Component DesignItemId : Designator=R2 Old DesignItemId=M0805 New DesignItemId=R-EU_M0805
Change Component DesignItemId : Designator=R3 Old DesignItemId=M0805 New DesignItemId=R-EU_M0805
Change Component DesignItemId : Designator=R4 Old DesignItemId=M0805 New DesignItemId=R-EU_M0805
Change Component DesignItemId : Designator=R6 Old DesignItemId=M0805 New DesignItemId=R-EU_M0805
Change Component DesignItemId : Designator=R7 Old DesignItemId=M0805 New DesignItemId=R-EU_M0805
Change Component DesignItemId : Designator=R8 Old DesignItemId=M0805 New DesignItemId=R-EU_M0805
Change Component DesignItemId : Designator=R9 Old DesignItemId=M0805 New DesignItemId=R-EU_M0805
Change Component DesignItemId : Designator=R10 Old DesignItemId=M0805 New DesignItemId=R-EU_M0805
Change Component DesignItemId : Designator=R11 Old DesignItemId=M0805 New DesignItemId=R-EU_M0805
Change Component DesignItemId : Designator=J2 Old DesignItemId=POWER_JACK_PTH_LOCK New DesignItemId=POWER_JACKPTH_LOCK
Change Component DesignItemId : Designator=R5 Old DesignItemId=R0805W New DesignItemId=R-EU_R0805W
Change Component DesignItemId : Designator=D1 Old DesignItemId=SMB New DesignItemId=D-FILL-SMB
Change Component DesignItemId : Designator=D2 Old DesignItemId=SMB New DesignItemId=D-FILL-SMB
Change Component DesignItemId : Designator=U4 Old DesignItemId=SO08 New DesignItemId=MAX6675
Change Component DesignItemId : Designator=U5 Old DesignItemId=SO08 New DesignItemId=MAX6675
Change Component DesignItemId : Designator=U2 Old DesignItemId=SOT223 New DesignItemId=LD117A?*S
Change Component DesignItemId : Designator=U3 Old DesignItemId=TQFP32-08 New DesignItemId=MEGA8-AI
Change Component Comment : Designator=U1 Old Comment= New Comment=78XXS
Change Component Comment : Designator=C7 Old Comment= New Comment=CAP0805
Change Component Comment : Designator=C8 Old Comment= New Comment=CAP0805
Change Component Comment : Designator=C9 Old Comment= New Comment=CAP0805
Change Component Comment : Designator=C10 Old Comment= New Comment=CAP0805
Change Component Comment : Designator=C11 Old Comment= New Comment=CAP0805
Change Component Comment : Designator=C12 Old Comment= New Comment=CAP0805
Change Component Comment : Designator=C13 Old Comment= New Comment=CAP0805
Change Component Comment : Designator=C2 Old Comment= New Comment=CAPPTH
Change Component Comment : Designator=C4 Old Comment= New Comment=CAPPTH
Change Component Comment : Designator=C6 Old Comment= New Comment=CAPPTH
Change Component Comment : Designator=C3 Old Comment= New Comment=CPOL-EUE2.5-6
Change Component Comment : Designator=C5 Old Comment= New Comment=CPOL-EUE2.5-6
Change Component Comment : Designator=C1 Old Comment= New Comment=CPOL-EUE5-6
Change Component Comment : Designator=D1 Old Comment= New Comment=D-FILL-SMB
Change Component Comment : Designator=D2 Old Comment= New Comment=D-FILL-SMB
Change Component Comment : Designator=LED1 Old Comment= New Comment=LEDCHIPLED_0805
Change Component Comment : Designator=LED2 Old Comment= New Comment=LEDCHIPLED_0805
Change Component Comment : Designator=J3 Old Comment= New Comment=MA04-1
Change Component Comment : Designator=J5 Old Comment= New Comment=MA05-2
Change Component Comment : Designator=R1 Old Comment= New Comment=R-EU_M0805
Change Component Comment : Designator=R2 Old Comment= New Comment=R-EU_M0805
Change Component Comment : Designator=R3 Old Comment= New Comment=R-EU_M0805
Change Component Comment : Designator=R4 Old Comment= New Comment=R-EU_M0805
Change Component Comment : Designator=R6 Old Comment= New Comment=R-EU_M0805
Change Component Comment : Designator=R7 Old Comment= New Comment=R-EU_M0805
Change Component Comment : Designator=R8 Old Comment= New Comment=R-EU_M0805
Change Component Comment : Designator=R9 Old Comment= New Comment=R-EU_M0805
Change Component Comment : Designator=R10 Old Comment= New Comment=R-EU_M0805
Change Component Comment : Designator=R11 Old Comment= New Comment=R-EU_M0805
Change Component Comment : Designator=R5 Old Comment= New Comment=R-EU_R0805W
Change Component Comment : Designator=L1 Old Comment= New Comment=WE-CBF_0805
Change Component Comment : Designator=L2 Old Comment= New Comment=WE-CBF_0805
Change Component Comment : Designator=U2 Old Comment=LD117AS12TR New Comment=LD117A?*S
Change Component Description : Designator=J1 Old Description= New Description=.100" (2.54mm) Center Header - 2 Pin
Change Component Description : Designator=J4 Old Description= New Description=.100" (2.54mm) Center Header - 2 Pin
Change Component Description : Designator=J7 Old Description= New Description=.100" (2.54mm) Center Header - 2 Pin
Change Component Description : Designator=J8 Old Description= New Description=.100" (2.54mm) Center Header - 2 Pin
Change Component Description : Designator=J6 Old Description= New Description=<b>AVR ICSP Header</b> 
This is the standard AVR In Circuit Serial Programming header. Minimal, but includes pin one indicator. Works with standard Olimex programmers. Also look for the 6-pin reduced version.
Change Component Description : Designator=C2 Old Description= New Description=<b>Capacitor</b>
Standard 0603 ceramic capacitor, and 0.1" leaded capacitor.
Change Component Description : Designator=C4 Old Description= New Description=<b>Capacitor</b>
Standard 0603 ceramic capacitor, and 0.1" leaded capacitor.
Change Component Description : Designator=C6 Old Description= New Description=<b>Capacitor</b>
Standard 0603 ceramic capacitor, and 0.1" leaded capacitor.
Change Component Description : Designator=C7 Old Description= New Description=<b>Capacitor</b>
Standard 0603 ceramic capacitor, and 0.1" leaded capacitor.
Change Component Description : Designator=C8 Old Description= New Description=<b>Capacitor</b>
Standard 0603 ceramic capacitor, and 0.1" leaded capacitor.
Change Component Description : Designator=C9 Old Description= New Description=<b>Capacitor</b>
Standard 0603 ceramic capacitor, and 0.1" leaded capacitor.
Change Component Description : Designator=C10 Old Description= New Description=<b>Capacitor</b>
Standard 0603 ceramic capacitor, and 0.1" leaded capacitor.
Change Component Description : Designator=C11 Old Description= New Description=<b>Capacitor</b>
Standard 0603 ceramic capacitor, and 0.1" leaded capacitor.
Change Component Description : Designator=C12 Old Description= New Description=<b>Capacitor</b>
Standard 0603 ceramic capacitor, and 0.1" leaded capacitor.
Change Component Description : Designator=C13 Old Description= New Description=<b>Capacitor</b>
Standard 0603 ceramic capacitor, and 0.1" leaded capacitor.
Change Component Description : Designator=D1 Old Description= New Description=<B>DIODE</B><p>
filled
Change Component Description : Designator=D2 Old Description= New Description=<B>DIODE</B><p>
filled
Change Component Description : Designator=LED1 Old Description= New Description=<b>LED</b><p>
<u>OSRAM</u>:<br>

- <u>CHIPLED</u><br>
LG R971, LG N971, LY N971, LG Q971, LY Q971, LO R971, LY R971
LH N974, LH R974<br>
LS Q976, LO Q976, LY Q976<br>
LO Q996<br>

- <u>Hyper CHIPLED</u><br>
LW Q18S<br>
LB Q993, LB Q99A, LB R99A<br>

- <u>SideLED</u><br>
LS A670, LO A670, LY A670, LG A670, LP A670<br>
LB A673, LV A673, LT A673, LW A673<br>
LH A674<br>
LY A675<br>
LS A676, LA A676, LO A676, LY A676, LW A676<br>
LS A679, LY A679, LG A679<br>

-  <u>Hyper Micro SIDELED®</u><br>
LS Y876, LA Y876, LO Y876, LY Y876<br>
LT Y87S<br>

- <u>SmartLED</u><br>
LW L88C, LW L88S<br>
LB L89C, LB L89S, LG L890<br>
LS L89K, LO L89K, LY L89K<br>
LS L896, LA L896, LO L896, LY L896<br>

- <u>TOPLED</u><br>
LS T670, LO T670, LY T670, LG T670, LP T670<br>
LSG T670, LSP T670, LSY T670, LOP T670, LYG T670<br>
LG T671, LOG T671, LSG T671<br>
LB T673, LV T673, LT T673, LW T673<br>
LH T674<br>
LS T676, LA T676, LO T676, LY T676, LB T676, LH T676, LSB T676, LW T676<br>
LB T67C, LV T67C, LT T67C, LS T67K, LO T67K, LY T67K, LW E67C<br>
LS E67B, LA E67B, LO E67B, LY E67B, LB E67C, LV E67C, LT E67C<br>
LW T67C<br>
LS T679, LY T679, LG T679<br>
LS T770, LO T770, LY T770, LG T770, LP T770<br>
LB T773, LV T773, LT T773, LW T773<br>
LH T774<br>
LS E675, LA E675, LY E675, LS T675<br>
LS T776, LA T776, LO T776, LY T776, LB T776<br>
LHGB T686<br>
LT T68C, LB T68C<br>

- <u>Hyper Mini TOPLED®</u><br>
LB M676<br>

- <u>Mini TOPLED Santana®</u><br>
LG M470<br>
LS M47K, LO M47K, LY M47K
<p>
Source: http://www.osram.convergy.de<p>

<u>LUXEON:</u><br>
- <u>LUMILED®</u><br>
LXK2-PW12-R00, LXK2-PW12-S00, LXK2-PW14-U00, LXK2-PW14-V00<br>
LXK2-PM12-R00, LXK2-PM12-S00, LXK2-PM14-U00<br>
LXK2-PE12-Q00, LXK2-PE12-R00, LXK2-PE12-S00, LXK2-PE14-T00, LXK2-PE14-U00<br>
LXK2-PB12-K00, LXK2-PB12-L00, LXK2-PB12-M00, LXK2-PB14-N00, LXK2-PB14-P00, LXK2-PB14-Q00<br>
LXK2-PR12-L00, LXK2-PR12-M00, LXK2-PR14-Q00, LXK2-PR14-R00<br>
LXK2-PD12-Q00, LXK2-PD12-R00, LXK2-PD12-S00<br>
LXK2-PH12-R00, LXK2-PH12-S00<br>
LXK2-PL12-P00, LXK2-PL12-Q00, LXK2-PL12-R00
<p>
Source: www.luxeon.com<p>

<u>KINGBRIGHT:</U><p>
KA-3528ASYC<br>
Source: www.kingbright.com
Change Component Description : Designator=LED2 Old Description= New Description=<b>LED</b><p>
<u>OSRAM</u>:<br>

- <u>CHIPLED</u><br>
LG R971, LG N971, LY N971, LG Q971, LY Q971, LO R971, LY R971
LH N974, LH R974<br>
LS Q976, LO Q976, LY Q976<br>
LO Q996<br>

- <u>Hyper CHIPLED</u><br>
LW Q18S<br>
LB Q993, LB Q99A, LB R99A<br>

- <u>SideLED</u><br>
LS A670, LO A670, LY A670, LG A670, LP A670<br>
LB A673, LV A673, LT A673, LW A673<br>
LH A674<br>
LY A675<br>
LS A676, LA A676, LO A676, LY A676, LW A676<br>
LS A679, LY A679, LG A679<br>

-  <u>Hyper Micro SIDELED®</u><br>
LS Y876, LA Y876, LO Y876, LY Y876<br>
LT Y87S<br>

- <u>SmartLED</u><br>
LW L88C, LW L88S<br>
LB L89C, LB L89S, LG L890<br>
LS L89K, LO L89K, LY L89K<br>
LS L896, LA L896, LO L896, LY L896<br>

- <u>TOPLED</u><br>
LS T670, LO T670, LY T670, LG T670, LP T670<br>
LSG T670, LSP T670, LSY T670, LOP T670, LYG T670<br>
LG T671, LOG T671, LSG T671<br>
LB T673, LV T673, LT T673, LW T673<br>
LH T674<br>
LS T676, LA T676, LO T676, LY T676, LB T676, LH T676, LSB T676, LW T676<br>
LB T67C, LV T67C, LT T67C, LS T67K, LO T67K, LY T67K, LW E67C<br>
LS E67B, LA E67B, LO E67B, LY E67B, LB E67C, LV E67C, LT E67C<br>
LW T67C<br>
LS T679, LY T679, LG T679<br>
LS T770, LO T770, LY T770, LG T770, LP T770<br>
LB T773, LV T773, LT T773, LW T773<br>
LH T774<br>
LS E675, LA E675, LY E675, LS T675<br>
LS T776, LA T776, LO T776, LY T776, LB T776<br>
LHGB T686<br>
LT T68C, LB T68C<br>

- <u>Hyper Mini TOPLED®</u><br>
LB M676<br>

- <u>Mini TOPLED Santana®</u><br>
LG M470<br>
LS M47K, LO M47K, LY M47K
<p>
Source: http://www.osram.convergy.de<p>

<u>LUXEON:</u><br>
- <u>LUMILED®</u><br>
LXK2-PW12-R00, LXK2-PW12-S00, LXK2-PW14-U00, LXK2-PW14-V00<br>
LXK2-PM12-R00, LXK2-PM12-S00, LXK2-PM14-U00<br>
LXK2-PE12-Q00, LXK2-PE12-R00, LXK2-PE12-S00, LXK2-PE14-T00, LXK2-PE14-U00<br>
LXK2-PB12-K00, LXK2-PB12-L00, LXK2-PB12-M00, LXK2-PB14-N00, LXK2-PB14-P00, LXK2-PB14-Q00<br>
LXK2-PR12-L00, LXK2-PR12-M00, LXK2-PR14-Q00, LXK2-PR14-R00<br>
LXK2-PD12-Q00, LXK2-PD12-R00, LXK2-PD12-S00<br>
LXK2-PH12-R00, LXK2-PH12-S00<br>
LXK2-PL12-P00, LXK2-PL12-Q00, LXK2-PL12-R00
<p>
Source: www.luxeon.com<p>

<u>KINGBRIGHT:</U><p>
KA-3528ASYC<br>
Source: www.kingbright.com
Change Component Description : Designator=U2 Old Description= New Description=<b>Low drop fixed and adjustable positive voltage regulators</b> 1 A<p>
Source: http://www.st.com/stonline/products/literature/ds/7194/ld1117axx.pdf
Change Component Description : Designator=U3 Old Description= New Description=<b>MICROCONTROLLER</b><p>
8 Kbytes FLASH, 1 kbytes SRAM, 512 bytes EEPROM, USART, 6-channel 10 bit ADC, 2-channel 8 bit ADC<br>
Pin compatible with Atmega48, ATMega88, ATMega168<br>
Source: avr.lbr
Change Component Description : Designator=J3 Old Description= New Description=<b>PIN HEADER</b>
Change Component Description : Designator=J5 Old Description= New Description=<b>PIN HEADER</b>
Change Component Description : Designator=C1 Old Description= New Description=<B>POLARIZED CAPACITOR</B>, European symbol
Change Component Description : Designator=C3 Old Description= New Description=<B>POLARIZED CAPACITOR</B>, European symbol
Change Component Description : Designator=C5 Old Description= New Description=<B>POLARIZED CAPACITOR</B>, European symbol
Change Component Description : Designator=J2 Old Description= New Description=<b>Power Jack</b>
This is the standard 5.5mm barrel jack for power. The PTH is the most common, proven, reliable, footprint. All others are experimental. The Slot footprint only works if the mill layer is transmitted to the PCB fab house so be warned. Spark Fun Electronics SKU : PRT-00119. Mating wall wart : TOL-00298 (and others)
Change Component Description : Designator=R1 Old Description= New Description=<B>RESISTOR</B>, European symbol
Change Component Description : Designator=R2 Old Description= New Description=<B>RESISTOR</B>, European symbol
Change Component Description : Designator=R3 Old Description= New Description=<B>RESISTOR</B>, European symbol
Change Component Description : Designator=R4 Old Description= New Description=<B>RESISTOR</B>, European symbol
Change Component Description : Designator=R5 Old Description= New Description=<B>RESISTOR</B>, European symbol
Change Component Description : Designator=R6 Old Description= New Description=<B>RESISTOR</B>, European symbol
Change Component Description : Designator=R7 Old Description= New Description=<B>RESISTOR</B>, European symbol
Change Component Description : Designator=R8 Old Description= New Description=<B>RESISTOR</B>, European symbol
Change Component Description : Designator=R9 Old Description= New Description=<B>RESISTOR</B>, European symbol
Change Component Description : Designator=R10 Old Description= New Description=<B>RESISTOR</B>, European symbol
Change Component Description : Designator=R11 Old Description= New Description=<B>RESISTOR</B>, European symbol
Change Component Description : Designator=U1 Old Description= New Description=<b>VOLTAGE REGULATOR</b>
Change Component Description : Designator=L1 Old Description= New Description=SMD EMI Suppression Ferrite Beads

- excellent anti-EMI properties 
- low DCR
- impedances till 3000 ohms
- rated current up to 6 A
Change Component Description : Designator=L2 Old Description= New Description=SMD EMI Suppression Ferrite Beads

- excellent anti-EMI properties 
- low DCR
- impedances till 3000 ohms
- rated current up to 6 A
Change Component Library : Designator=U4 Old Library= New Library=adafruit.IntLib
Change Component Library : Designator=U5 Old Library= New Library=adafruit.IntLib
Change Component Library : Designator=U3 Old Library= New Library=atmel.IntLib
Change Component Library : Designator=J3 Old Library= New Library=con-lstb.IntLib
Change Component Library : Designator=J5 Old Library= New Library=con-lstb.IntLib
Change Component Library : Designator=J1 Old Library= New Library=con-molex.IntLib
Change Component Library : Designator=J4 Old Library= New Library=con-molex.IntLib
Change Component Library : Designator=J7 Old Library= New Library=con-molex.IntLib
Change Component Library : Designator=J8 Old Library= New Library=con-molex.IntLib
Change Component Library : Designator=LED1 Old Library= New Library=led.IntLib
Change Component Library : Designator=LED2 Old Library= New Library=led.IntLib
Change Component Library : Designator=C1 Old Library= New Library=rcl.IntLib
Change Component Library : Designator=C3 Old Library= New Library=rcl.IntLib
Change Component Library : Designator=C5 Old Library= New Library=rcl.IntLib
Change Component Library : Designator=R1 Old Library= New Library=resistor.IntLib
Change Component Library : Designator=R2 Old Library= New Library=resistor.IntLib
Change Component Library : Designator=R3 Old Library= New Library=resistor.IntLib
Change Component Library : Designator=R4 Old Library= New Library=resistor.IntLib
Change Component Library : Designator=R5 Old Library= New Library=resistor.IntLib
Change Component Library : Designator=R6 Old Library= New Library=resistor.IntLib
Change Component Library : Designator=R7 Old Library= New Library=resistor.IntLib
Change Component Library : Designator=R8 Old Library= New Library=resistor.IntLib
Change Component Library : Designator=R9 Old Library= New Library=resistor.IntLib
Change Component Library : Designator=R10 Old Library= New Library=resistor.IntLib
Change Component Library : Designator=R11 Old Library= New Library=resistor.IntLib
Change Component Library : Designator=D1 Old Library= New Library=semicon-smd-ipc.IntLib
Change Component Library : Designator=D2 Old Library= New Library=semicon-smd-ipc.IntLib
Change Component Library : Designator=C2 Old Library= New Library=SparkFun1.IntLib
Change Component Library : Designator=C4 Old Library= New Library=SparkFun1.IntLib
Change Component Library : Designator=C6 Old Library= New Library=SparkFun1.IntLib
Change Component Library : Designator=C7 Old Library= New Library=SparkFun1.IntLib
Change Component Library : Designator=C8 Old Library= New Library=SparkFun1.IntLib
Change Component Library : Designator=C9 Old Library= New Library=SparkFun1.IntLib
Change Component Library : Designator=C10 Old Library= New Library=SparkFun1.IntLib
Change Component Library : Designator=C11 Old Library= New Library=SparkFun1.IntLib
Change Component Library : Designator=C12 Old Library= New Library=SparkFun1.IntLib
Change Component Library : Designator=C13 Old Library= New Library=SparkFun1.IntLib
Change Component Library : Designator=J6 Old Library= New Library=SparkFun2.IntLib
Change Component Library : Designator=J2 Old Library= New Library=SparkFun4.IntLib
Change Component Library : Designator=U1 Old Library= New Library=v-reg.IntLib
Change Component Library : Designator=U2 Old Library= New Library=v-reg.IntLib
Change Component Library : Designator=L1 Old Library= New Library=wuerth-elektronik.IntLib
Change Component Library : Designator=L2 Old Library= New Library=wuerth-elektronik.IntLib
Added Pin To Net: NetName=GND Pin=C8-1
Added Pin To Net: NetName=GND Pin=C9-1
Added Pin To Net: NetName=GND Pin=U3-21
Change Net Name : Old Net Name=N$1 New Net Name=NetD1_2
Change Net Name : Old Net Name=N$2 New Net Name=NetD2_2
Change Net Name : Old Net Name=N$3 New Net Name=NetR9_2
Change Net Name : Old Net Name=N$4 New Net Name=NetD1_1
Change Net Name : Old Net Name=N$5 New Net Name=NetC8_2
Change Net Name : Old Net Name=N$6 New Net Name=NetC9_2
Change Net Name : Old Net Name=N$9 New Net Name=NetJ4_1
Change Net Name : Old Net Name=N$10 New Net Name=NetLED2_A
Change Net Name : Old Net Name=N$12 New Net Name=NetLED1_A
Change Net Name : Old Net Name=N$13 New Net Name=NetJ5_1
Change Net Name : Old Net Name=N$20 New Net Name=NetR1_1
Added Class: Name=tmtr_board_rev1_0
Added Class: Name=tmtr_board_rev1_1
Added Class: Name=tmtr_board_rev1_2
Added Room: Name=tmtr_board_rev1_0
Added Room: Name=tmtr_board_rev1_1
Added Room: Name=tmtr_board_rev1_2
